<?xml version="1.0" encoding="UTF-8"?>
<!-- Generated by org.testng.reporters.JUnitReportReporter -->
<testsuite hostname="DESKTOP-JPDUV9K" failures="0" tests="1" name="executetest.mavenjenkin.LaunchActi" time="10.945" errors="0" timestamp="2023-08-23T12:55:24 IST" skipped="0">
  <testcase classname="executetest.mavenjenkin.LaunchActi" name="launchBrowser" time="10.945"/>
</testsuite> <!-- executetest.mavenjenkin.LaunchActi -->
