<?xml version="1.0" encoding="UTF-8"?>
<!-- Generated by org.testng.reporters.JUnitReportReporter -->
<testsuite hostname="DESKTOP-JPDUV9K" failures="0" tests="1" name="executetest.mavenjenkin.LaunchActi" time="18.127" errors="0" timestamp="2023-08-08T11:49:04 IST" skipped="0">
  <testcase classname="executetest.mavenjenkin.LaunchActi" name="launchBrowser" time="18.127"/>
</testsuite> <!-- executetest.mavenjenkin.LaunchActi -->
